2025-04-13 10:22:16,507 - INFO - 13176 - MainThread - Generated array: [47, 917, 892, 593, 584, 872, 878, 144, 191, 396, 887, 883, 435, 838, 472, 524, 564, 221, 228, 652, 403, 480, 10, 799, 659, 402, 234, 629, 313, 104, 491, 575, 742, 83, 340, 153, 901, 373, 686, 544, 804, 422, 398, 789, 34, 971, 517, 714, 224, 843, 163, 367, 965, 697, 353, 412, 100, 766, 876, 463, 137, 429, 943, 121, 321, 14, 812, 378, 791, 871, 428, 634, 622, 80, 337, 176, 318, 721, 259, 231, 569, 199, 585, 194, 393, 14, 745, 18, 531, 197, 787, 55, 712, 787, 336, 537, 987, 59, 703, 485]
2025-04-13 10:22:17,122 - INFO - 12968 - MainThread - Sorting from index 0 to 100
2025-04-13 10:22:17,128 - INFO - 12968 - Thread-1 (save_part) - Saved sorted part to sorted_part_0.txt
2025-04-13 10:27:15,311 - INFO - 2408 - MainThread - Сгенерированный массив: [871, 703, 115, 954, 247, 241, 533, 349, 235, 470]
2025-04-13 10:27:15,893 - INFO - 2672 - MainThread - Сортировка по индексу от 0 до 10
2025-04-13 10:27:15,897 - INFO - 2672 - Thread-1 (save_part) - Сохранённый отсортированный массив sorted_part_0.txt
2025-04-13 10:27:34,660 - INFO - 6476 - MainThread - Сгенерированный массив: [523, 229, 238, 312, 217, 93, 413, 77, 891, 384]
2025-04-13 10:27:35,025 - INFO - 320 - MainThread - Сортировка по индексу от 0 до 10
2025-04-13 10:27:35,029 - INFO - 320 - Thread-1 (save_part) - Сохранённый отсортированный массив sorted_part_0.txt
2025-04-13 10:29:53,743 - INFO - 9940 - MainThread - Generated array: [18, 550, 205, 898, 223, 826, 24, 945, 215, 598, 542, 1, 613, 575, 399, 945, 980, 36, 409, 216]
2025-04-13 10:29:54,110 - INFO - 10688 - MainThread -  Sorting from index 0 to 20
2025-04-13 10:29:54,113 - INFO - 10688 - Thread-1 (save_part) - Saved sorted part to sorted_part_0.txt
2025-04-13 10:30:16,439 - INFO - 3736 - MainThread - Generated array: [116, 298, 304, 799, 638, 857, 790, 314, 502, 396, 772, 960, 230, 865, 38, 2, 760, 755, 158, 2]
2025-04-13 10:30:16,778 - INFO - 3176 - MainThread -  Sorting from index 0 to 20
2025-04-13 10:30:16,782 - INFO - 3176 - Thread-1 (save_part) - Saved sorted part to sorted_part_0.txt
2025-04-13 10:57:11,352 - INFO - 10464 - MainThread - Generated array: [810, 83, 874, 870, 848, 643, 849, 545, 957, 725]
2025-04-13 10:57:11,695 - INFO - 11120 - MainThread -  Sorting from index 0 to 10
2025-04-13 10:57:11,700 - INFO - 11120 - Thread-1 (save_part) - Saved sorted array to sorted_part_0.txt
2025-04-15 13:05:58,137 - INFO - 2520 - MainThread - Generated array: [326, 456, 543, 781, 763, 341, 698, 547, 618, 42, 94, 736, 194, 211, 726, 897, 546, 58, 581, 221]
2025-04-15 13:06:05,691 - INFO - 12752 - MainThread -  Sorting from index 0 to 20
2025-04-15 13:06:05,746 - INFO - 12752 - Thread-1 (save_part) - Saved sorted array to sorted_part_0.txt
2025-04-15 13:08:59,430 - INFO - 3096 - MainThread - Generated array: [678, 845, 75, 312, 639, 837, 271, 615, 159, 122, 99, 448, 446, 390, 346, 137, 898, 762, 598, 652]
2025-04-15 13:08:59,973 - INFO - 13540 - MainThread - Sorting from index 0 to 20
2025-04-15 13:08:59,982 - INFO - 13540 - Thread-1 (save_part) - Saved sorted array to sorted_part_0.txt
2025-04-15 13:09:00,107 - INFO - 3096 - MainThread - Saved sorted array to final_sorted_array.txt
